<?xml version="1.0" encoding="UTF-8"?>
<!-- Generated by org.testng.reporters.JUnitReportReporter -->
<testsuite hostname="LAPTOP-SSFVE9VJ" failures="0" tests="1" name="org.testing.testScripts.TC2" time="30.717" errors="0" timestamp="2020-12-31T20:00:27 IST" skipped="0">
  <testcase classname="org.testing.testScripts.TC2" name="testHistory" time="30.717"/>
  <system-out/>
</testsuite> <!-- org.testing.testScripts.TC2 -->
