<?xml version="1.0" encoding="UTF-8"?>
<!-- Generated by org.testng.reporters.JUnitReportReporter -->
<testsuite hostname="LAPTOP-SSFVE9VJ" failures="0" tests="1" name="org.testing.testScripts_PropertiesFile.TC3" time="41.503" errors="0" timestamp="2021-01-09T10:09:17 IST" skipped="0">
  <testcase classname="org.testing.testScripts_PropertiesFile.TC3" name="testSubscribtions" time="41.503"/>
  <system-out/>
</testsuite> <!-- org.testing.testScripts_PropertiesFile.TC3 -->
