<?xml version="1.0" encoding="UTF-8"?>
<!-- Generated by org.testng.reporters.JUnitReportReporter -->
<testsuite hostname="LAPTOP-SSFVE9VJ" failures="0" tests="1" name="org.testing.testScripts.TC1" time="31.653" errors="0" timestamp="2020-12-31T20:00:27 IST" skipped="0">
  <testcase classname="org.testing.testScripts.TC1" name="testTrending" time="31.653"/>
  <system-out/>
</testsuite> <!-- org.testing.testScripts.TC1 -->
