<?xml version="1.0" encoding="UTF-8"?>
<!-- Generated by org.testng.reporters.JUnitReportReporter -->
<testsuite hostname="LAPTOP-SSFVE9VJ" failures="0" tests="1" name="org.testing.testScripts_PropertiesFile.TC2" time="40.530" errors="0" timestamp="2021-01-09T08:27:18 IST" skipped="0">
  <testcase classname="org.testing.testScripts_PropertiesFile.TC2" name="testHistory" time="40.530"/>
  <system-out/>
</testsuite> <!-- org.testing.testScripts_PropertiesFile.TC2 -->
