<?xml version="1.0" encoding="UTF-8"?>
<!-- Generated by org.testng.reporters.JUnitReportReporter -->
<testsuite hostname="LAPTOP-SSFVE9VJ" failures="0" tests="1" name="org.testing.testScripts_PropertiesFile.TC1" time="38.771" errors="0" timestamp="2021-01-15T05:40:30 IST" skipped="0">
  <testcase classname="org.testing.testScripts_PropertiesFile.TC1" name="testTrending" time="38.771"/>
  <system-out/>
</testsuite> <!-- org.testing.testScripts_PropertiesFile.TC1 -->
